::1 - - [12/Feb/2020:18:22:26 -0200] "GET / HTTP/1.1" 200 81219
::1 - - [12/Feb/2020:18:22:26 -0200] "GET /style.css HTTP/1.1" 200 3041
::1 - - [12/Feb/2020:18:22:26 -0200] "GET /index.php?=PHPE9568F34-D428-11d2-A769-00AA001ACF42 HTTP/1.1" 200 2524
::1 - - [12/Feb/2020:18:22:26 -0200] "GET /images/header.png HTTP/1.1" 200 7766
::1 - - [12/Feb/2020:18:22:26 -0200] "GET /index.php?=PHPE9568F35-D428-11d2-A769-00AA001ACF42 HTTP/1.1" 200 2146
::1 - - [12/Feb/2020:18:22:26 -0200] "GET /images/menuleft.jpg HTTP/1.1" 200 11236
::1 - - [12/Feb/2020:18:22:26 -0200] "GET /images/menu.jpg HTTP/1.1" 200 11219
::1 - - [12/Feb/2020:18:22:26 -0200] "GET /images/topcontent.jpg HTTP/1.1" 200 11578
::1 - - [12/Feb/2020:18:22:26 -0200] "GET /images/menuright.jpg HTTP/1.1" 200 11239
::1 - - [12/Feb/2020:18:22:26 -0200] "GET /images/background.jpg HTTP/1.1" 200 12386
::1 - - [12/Feb/2020:18:22:26 -0200] "GET /images/content.jpg HTTP/1.1" 200 11916
::1 - - [12/Feb/2020:18:22:26 -0200] "GET /images/banner.jpg HTTP/1.1" 200 38149
::1 - - [12/Feb/2020:18:22:26 -0200] "GET /favicon.ico HTTP/1.1" 404 209
::1 - - [12/Feb/2020:18:22:30 -0200] "GET /barbearia HTTP/1.1" 301 240
::1 - - [12/Feb/2020:18:22:30 -0200] "GET /barbearia/ HTTP/1.1" 200 490
::1 - - [12/Feb/2020:18:22:36 -0200] "GET /barbearia/form_agenda.php HTTP/1.1" 200 875
::1 - - [12/Feb/2020:18:27:25 -0200] "GET /barbearia/form_agenda.php HTTP/1.1" 200 784
::1 - - [12/Feb/2020:18:28:18 -0200] "GET /barbearia/form_agenda.php HTTP/1.1" 200 781
::1 - - [12/Feb/2020:18:41:09 -0200] "POST /barbearia/recebe_agenda.php HTTP/1.1" 200 552
::1 - - [12/Feb/2020:18:41:24 -0200] "GET /barbearia/form_agenda.php HTTP/1.1" 200 781
::1 - - [12/Feb/2020:18:42:43 -0200] "POST /barbearia/recebe_agenda.php HTTP/1.1" 200 376
::1 - - [12/Feb/2020:18:43:12 -0200] "GET /barbearia/agenda.php HTTP/1.1" 200 591
