2020-02-11 20:13:13 4932 [Note] Plugin 'FEDERATED' is disabled.
2020-02-11 20:13:13 4932 [Note] InnoDB: The InnoDB memory heap is disabled
2020-02-11 20:13:13 4932 [Note] InnoDB: Mutexes and rw_locks use Windows interlocked functions
2020-02-11 20:13:13 4932 [Note] InnoDB: Compressed tables use zlib 1.2.3
2020-02-11 20:13:13 4932 [Note] InnoDB: Not using CPU crc32 instructions
2020-02-11 20:13:13 4932 [Note] InnoDB: Initializing buffer pool, size = 128.0M
2020-02-11 20:13:13 4932 [Note] InnoDB: Completed initialization of buffer pool
2020-02-11 20:13:13 4932 [Note] InnoDB: Setting log file D:\DDS_WEB_TA_BELUZO\PortableGit\projetos\USBWebserver v8.6\mysql\data\ib_logfile101 size to 5 MB
2020-02-11 20:13:14 4932 [Note] InnoDB: Setting log file D:\DDS_WEB_TA_BELUZO\PortableGit\projetos\USBWebserver v8.6\mysql\data\ib_logfile1 size to 5 MB
2020-02-11 20:13:15 4932 [Note] InnoDB: Renaming log file D:\DDS_WEB_TA_BELUZO\PortableGit\projetos\USBWebserver v8.6\mysql\data\ib_logfile101 to D:\DDS_WEB_TA_BELUZO\PortableGit\projetos\USBWebserver v8.6\mysql\data\ib_logfile0
2020-02-11 20:13:15 4932 [Warning] InnoDB: New log files created, LSN=1626134
2020-02-11 20:13:15 4932 [Note] InnoDB: Highest supported file format is Barracuda.
2020-02-11 20:13:18 4932 [Note] InnoDB: 128 rollback segment(s) are active.
2020-02-11 20:13:18 4932 [Note] InnoDB: Waiting for purge to start
2020-02-11 20:13:18 4932 [Note] InnoDB: 5.6.13 started; log sequence number 1626636
2020-02-11 20:13:18 4932 [Warning] No existing UUID has been found, so we assume that this is the first time that this server has been started. Generating a new UUID: b5051ef2-4d1b-11ea-9f00-a45d362a9901.
2020-02-11 20:13:18 4932 [Note] Server hostname (bind-address): '*'; port: 3307
2020-02-11 20:13:18 4932 [Note] IPv6 is available.
2020-02-11 20:13:18 4932 [Note]   - '::' resolves to '::';
2020-02-11 20:13:18 4932 [Note] Server socket created on IP: '::'.
2020-02-11 20:13:18 4932 [Note] Event Scheduler: Loaded 0 events
2020-02-11 20:13:18 4932 [Note] D:\DDS_WEB_TA_BELUZO\PortableGit\projetos\USBWebserver v8.6/mysql/bin/mysqld_usbwv8.exe: ready for connections.
Version: '5.6.13'  socket: ''  port: 3307  MySQL Community Server (GPL)
2020-02-12 18:21:20 3148 [Note] Plugin 'FEDERATED' is disabled.
2020-02-12 18:21:20 3148 [Note] InnoDB: The InnoDB memory heap is disabled
2020-02-12 18:21:20 3148 [Note] InnoDB: Mutexes and rw_locks use Windows interlocked functions
2020-02-12 18:21:20 3148 [Note] InnoDB: Compressed tables use zlib 1.2.3
2020-02-12 18:21:20 3148 [Note] InnoDB: Not using CPU crc32 instructions
2020-02-12 18:21:20 3148 [Note] InnoDB: Initializing buffer pool, size = 128.0M
2020-02-12 18:21:21 3148 [Note] InnoDB: Completed initialization of buffer pool
2020-02-12 18:21:21 3148 [Note] InnoDB: Highest supported file format is Barracuda.
2020-02-12 18:21:21 3148 [Note] InnoDB: The log sequence numbers 1626134 and 1626134 in ibdata files do not match the log sequence number 1626646 in the ib_logfiles!
2020-02-12 18:21:21 3148 [Note] InnoDB: Database was not shutdown normally!
2020-02-12 18:21:21 3148 [Note] InnoDB: Starting crash recovery.
2020-02-12 18:21:21 3148 [Note] InnoDB: Reading tablespace information from the .ibd files...
2020-02-12 18:21:21 3148 [Note] InnoDB: Restoring possible half-written data pages 
2020-02-12 18:21:21 3148 [Note] InnoDB: from the doublewrite buffer...
2020-02-12 18:21:22 3148 [Note] InnoDB: 128 rollback segment(s) are active.
2020-02-12 18:21:22 3148 [Note] InnoDB: Waiting for purge to start
2020-02-12 18:21:22 3148 [Note] InnoDB: 5.6.13 started; log sequence number 1626646
2020-02-12 18:21:22 3148 [Note] Server hostname (bind-address): '*'; port: 3307
2020-02-12 18:21:22 3148 [Note] IPv6 is available.
2020-02-12 18:21:22 3148 [Note]   - '::' resolves to '::';
2020-02-12 18:21:22 3148 [Note] Server socket created on IP: '::'.
2020-02-12 18:21:23 3148 [Note] Event Scheduler: Loaded 0 events
2020-02-12 18:21:23 3148 [Note] D:\DDS_WEB_TA_BELUZO\PortableGit\projetos\2020WEB\USBWebserver v8.6/mysql/bin/mysqld_usbwv8.exe: ready for connections.
Version: '5.6.13'  socket: ''  port: 3307  MySQL Community Server (GPL)
2020-02-12 18:22:11 5052 [Note] Plugin 'FEDERATED' is disabled.
2020-02-12 18:22:11 5052 [Note] InnoDB: The InnoDB memory heap is disabled
2020-02-12 18:22:11 5052 [Note] InnoDB: Mutexes and rw_locks use Windows interlocked functions
2020-02-12 18:22:11 5052 [Note] InnoDB: Compressed tables use zlib 1.2.3
2020-02-12 18:22:11 5052 [Note] InnoDB: Not using CPU crc32 instructions
2020-02-12 18:22:11 5052 [Note] InnoDB: Initializing buffer pool, size = 128.0M
2020-02-12 18:22:11 5052 [Note] InnoDB: Completed initialization of buffer pool
2020-02-12 18:22:11 5052 [Note] InnoDB: Highest supported file format is Barracuda.
2020-02-12 18:22:11 5052 [Note] InnoDB: The log sequence numbers 1626134 and 1626134 in ibdata files do not match the log sequence number 1626656 in the ib_logfiles!
2020-02-12 18:22:11 5052 [Note] InnoDB: Database was not shutdown normally!
2020-02-12 18:22:11 5052 [Note] InnoDB: Starting crash recovery.
2020-02-12 18:22:11 5052 [Note] InnoDB: Reading tablespace information from the .ibd files...
2020-02-12 18:22:11 5052 [Note] InnoDB: Restoring possible half-written data pages 
2020-02-12 18:22:11 5052 [Note] InnoDB: from the doublewrite buffer...
2020-02-12 18:22:13 5052 [Note] InnoDB: 128 rollback segment(s) are active.
2020-02-12 18:22:13 5052 [Note] InnoDB: Waiting for purge to start
2020-02-12 18:22:13 5052 [Note] InnoDB: 5.6.13 started; log sequence number 1626656
2020-02-12 18:22:13 5052 [Note] Server hostname (bind-address): '*'; port: 3307
2020-02-12 18:22:13 5052 [Note] IPv6 is available.
2020-02-12 18:22:13 5052 [Note]   - '::' resolves to '::';
2020-02-12 18:22:13 5052 [Note] Server socket created on IP: '::'.
2020-02-12 18:22:13 5052 [Note] Event Scheduler: Loaded 0 events
2020-02-12 18:22:13 5052 [Note] D:\DDS_WEB_TA_BELUZO\PortableGit\projetos\2020WEB\USBWebserver v8.6/mysql/bin/mysqld_usbwv8.exe: ready for connections.
Version: '5.6.13'  socket: ''  port: 3307  MySQL Community Server (GPL)
